<?xml version="1.0" encoding="UTF-8"?>
<!-- Generated by org.testng.reporters.JUnitXMLReporter -->
<testsuite hostname="kacholiy-WX-5" ignored="0" name="Test" tests="3" failures="0" timestamp="2021-06-13T19:03:17 GMT+05:30" time="72.884" errors="0">
  <testcase name="basePageText" time="5.881" classname="Academy.ValidateText"/>
  <testcase name="basePageMethod" time="9.599" classname="Academy.HomePage"/>
  <testcase name="basePageMethod" time="9.183" classname="Academy.HomePage"/>
</testsuite> <!-- Test -->
