<?xml version="1.0" encoding="UTF-8"?>
<testng-results ignored="0" total="3" passed="2" failed="1" skipped="0">
  <reporter-output>
  </reporter-output>
  <suite started-at="2021-06-25T10:55:38 GMT+05:30" name="Suite" finished-at="2021-06-25T10:56:53 GMT+05:30" duration-ms="75014">
    <groups>
    </groups>
    <test started-at="2021-06-25T10:55:38 GMT+05:30" name="Page Validation Text" finished-at="2021-06-25T10:56:22 GMT+05:30" duration-ms="43880">
      <class name="Academy.ValidateText">
        <test-method is-config="true" signature="initialize()[pri:0, instance:Academy.ValidateText@1ae8bcbc]" started-at="2021-06-25T10:55:38 GMT+05:30" name="initialize" finished-at="2021-06-25T10:56:02 GMT+05:30" duration-ms="23385" status="PASS">
          <reporter-output>
          </reporter-output>
        </test-method> <!-- initialize -->
        <test-method signature="basePageText()[pri:0, instance:Academy.ValidateText@1ae8bcbc]" started-at="2021-06-25T10:56:02 GMT+05:30" name="basePageText" finished-at="2021-06-25T10:56:11 GMT+05:30" duration-ms="9520" status="PASS">
          <reporter-output>
          </reporter-output>
        </test-method> <!-- basePageText -->
        <test-method is-config="true" signature="tearDown()[pri:0, instance:Academy.ValidateText@1ae8bcbc]" started-at="2021-06-25T10:56:11 GMT+05:30" name="tearDown" finished-at="2021-06-25T10:56:22 GMT+05:30" duration-ms="10926" status="PASS">
          <reporter-output>
          </reporter-output>
        </test-method> <!-- tearDown -->
      </class> <!-- Academy.ValidateText -->
    </test> <!-- Page Validation Text -->
    <test started-at="2021-06-25T10:55:38 GMT+05:30" name="User Login Validation" finished-at="2021-06-25T10:56:53 GMT+05:30" duration-ms="75014">
      <class name="Academy.HomePage">
        <test-method is-config="true" signature="initialize()[pri:0, instance:Academy.HomePage@4278284b]" started-at="2021-06-25T10:55:38 GMT+05:30" name="initialize" finished-at="2021-06-25T10:56:02 GMT+05:30" duration-ms="23787" status="PASS">
          <reporter-output>
          </reporter-output>
        </test-method> <!-- initialize -->
        <test-method signature="basePageMethod(java.lang.String, java.lang.String)[pri:0, instance:Academy.HomePage@4278284b]" started-at="2021-06-25T10:56:02 GMT+05:30" name="basePageMethod" data-provider="dataPro" finished-at="2021-06-25T10:56:13 GMT+05:30" duration-ms="11041" status="PASS">
          <params>
            <param index="0">
              <value>
                <![CDATA[gaurav1]]>
              </value>
            </param>
            <param index="1">
              <value>
                <![CDATA[password1]]>
              </value>
            </param>
          </params>
          <reporter-output>
          </reporter-output>
        </test-method> <!-- basePageMethod -->
        <test-method is-config="true" signature="tearDown()[pri:0, instance:Academy.HomePage@4278284b]" started-at="2021-06-25T10:56:13 GMT+05:30" name="tearDown" finished-at="2021-06-25T10:56:18 GMT+05:30" duration-ms="4627" status="PASS">
          <reporter-output>
          </reporter-output>
        </test-method> <!-- tearDown -->
        <test-method is-config="true" signature="initialize()[pri:0, instance:Academy.HomePage@4278284b]" started-at="2021-06-25T10:56:18 GMT+05:30" name="initialize" finished-at="2021-06-25T10:56:37 GMT+05:30" duration-ms="19573" status="PASS">
          <reporter-output>
          </reporter-output>
        </test-method> <!-- initialize -->
        <test-method signature="basePageMethod(java.lang.String, java.lang.String)[pri:0, instance:Academy.HomePage@4278284b]" started-at="2021-06-25T10:56:37 GMT+05:30" name="basePageMethod" data-provider="dataPro" finished-at="2021-06-25T10:56:47 GMT+05:30" duration-ms="10052" status="FAIL">
          <params>
            <param index="0">
              <value>
                <![CDATA[gaurav2]]>
              </value>
            </param>
            <param index="1">
              <value>
                <![CDATA[password2]]>
              </value>
            </param>
          </params>
          <exception class="org.openqa.selenium.NoSuchElementException">
            <message>
              <![CDATA[Unable to locate element: //button[contains(text(),'NO THANKS')]
For documentation on this error, please visit: https://www.seleniumhq.org/exceptions/no_such_element.html
Build info: version: '3.141.59', revision: 'e82be7d358', time: '2018-11-14T08:17:03'
System info: host: 'KACHOLIY-WX-5', ip: '192.168.137.1', os.name: 'Windows 10', os.arch: 'amd64', os.version: '10.0', java.version: '15.0.2'
Driver info: org.openqa.selenium.firefox.FirefoxDriver
Capabilities {acceptInsecureCerts: true, browserName: firefox, browserVersion: 89.0.1, javascriptEnabled: true, moz:accessibilityChecks: false, moz:buildID: 20210614221319, moz:geckodriverVersion: 0.29.1, moz:headless: false, moz:processID: 27248, moz:profile: C:\Users\kacholiy\AppData\L..., moz:shutdownTimeout: 60000, moz:useNonSpecCompliantPointerOrigin: false, moz:webdriverClick: true, pageLoadStrategy: normal, platform: WINDOWS, platformName: WINDOWS, platformVersion: 10.0, setWindowRect: true, strictFileInteractability: false, timeouts: {implicit: 0, pageLoad: 300000, script: 30000}, unhandledPromptBehavior: dismiss and notify}
Session ID: e24534c1-5ad0-47f6-97e7-3d7b3a5a818f
*** Element info: {Using=xpath, value=//button[contains(text(),'NO THANKS')]}]]>
            </message>
            <full-stacktrace>
              <![CDATA[org.openqa.selenium.NoSuchElementException: Unable to locate element: //button[contains(text(),'NO THANKS')]
For documentation on this error, please visit: https://www.seleniumhq.org/exceptions/no_such_element.html
Build info: version: '3.141.59', revision: 'e82be7d358', time: '2018-11-14T08:17:03'
System info: host: 'KACHOLIY-WX-5', ip: '192.168.137.1', os.name: 'Windows 10', os.arch: 'amd64', os.version: '10.0', java.version: '15.0.2'
Driver info: org.openqa.selenium.firefox.FirefoxDriver
Capabilities {acceptInsecureCerts: true, browserName: firefox, browserVersion: 89.0.1, javascriptEnabled: true, moz:accessibilityChecks: false, moz:buildID: 20210614221319, moz:geckodriverVersion: 0.29.1, moz:headless: false, moz:processID: 27248, moz:profile: C:\Users\kacholiy\AppData\L..., moz:shutdownTimeout: 60000, moz:useNonSpecCompliantPointerOrigin: false, moz:webdriverClick: true, pageLoadStrategy: normal, platform: WINDOWS, platformName: WINDOWS, platformVersion: 10.0, setWindowRect: true, strictFileInteractability: false, timeouts: {implicit: 0, pageLoad: 300000, script: 30000}, unhandledPromptBehavior: dismiss and notify}
Session ID: e24534c1-5ad0-47f6-97e7-3d7b3a5a818f
*** Element info: {Using=xpath, value=//button[contains(text(),'NO THANKS')]}
at java.base/jdk.internal.reflect.NativeConstructorAccessorImpl.newInstance0(Native Method)
at java.base/jdk.internal.reflect.NativeConstructorAccessorImpl.newInstance(NativeConstructorAccessorImpl.java:64)
at java.base/jdk.internal.reflect.DelegatingConstructorAccessorImpl.newInstance(DelegatingConstructorAccessorImpl.java:45)
at java.base/java.lang.reflect.Constructor.newInstanceWithCaller(Constructor.java:500)
at java.base/java.lang.reflect.Constructor.newInstance(Constructor.java:481)
at org.openqa.selenium.remote.http.W3CHttpResponseCodec.createException(W3CHttpResponseCodec.java:187)
at org.openqa.selenium.remote.http.W3CHttpResponseCodec.decode(W3CHttpResponseCodec.java:122)
at org.openqa.selenium.remote.http.W3CHttpResponseCodec.decode(W3CHttpResponseCodec.java:49)
at org.openqa.selenium.remote.HttpCommandExecutor.execute(HttpCommandExecutor.java:158)
at org.openqa.selenium.remote.service.DriverCommandExecutor.execute(DriverCommandExecutor.java:83)
at org.openqa.selenium.remote.RemoteWebDriver.execute(RemoteWebDriver.java:552)
at org.openqa.selenium.remote.RemoteWebDriver.findElement(RemoteWebDriver.java:323)
at org.openqa.selenium.remote.RemoteWebDriver.findElementByXPath(RemoteWebDriver.java:428)
at org.openqa.selenium.By$ByXPath.findElement(By.java:353)
at org.openqa.selenium.remote.RemoteWebDriver.findElement(RemoteWebDriver.java:315)
at pageObjects.LandingPage.cancel(LandingPage.java:21)
at Academy.HomePage.basePageMethod(HomePage.java:33)
at java.base/jdk.internal.reflect.NativeMethodAccessorImpl.invoke0(Native Method)
at java.base/jdk.internal.reflect.NativeMethodAccessorImpl.invoke(NativeMethodAccessorImpl.java:64)
at java.base/jdk.internal.reflect.DelegatingMethodAccessorImpl.invoke(DelegatingMethodAccessorImpl.java:43)
at java.base/java.lang.reflect.Method.invoke(Method.java:564)
at org.testng.internal.MethodInvocationHelper.invokeMethod(MethodInvocationHelper.java:132)
at org.testng.internal.TestInvoker.invokeMethod(TestInvoker.java:599)
at org.testng.internal.TestInvoker.invokeTestMethod(TestInvoker.java:174)
at org.testng.internal.MethodRunner.runInSequence(MethodRunner.java:46)
at org.testng.internal.TestInvoker$MethodInvocationAgent.invoke(TestInvoker.java:822)
at org.testng.internal.TestInvoker.invokeTestMethods(TestInvoker.java:147)
at org.testng.internal.TestMethodWorker.invokeTestMethods(TestMethodWorker.java:146)
at org.testng.internal.TestMethodWorker.run(TestMethodWorker.java:128)
at java.base/java.util.ArrayList.forEach(ArrayList.java:1511)
at org.testng.TestRunner.privateRun(TestRunner.java:764)
at org.testng.TestRunner.run(TestRunner.java:585)
at org.testng.SuiteRunner.runTest(SuiteRunner.java:384)
at org.testng.SuiteRunner.access$000(SuiteRunner.java:28)
at org.testng.SuiteRunner$SuiteWorker.run(SuiteRunner.java:425)
at org.testng.internal.thread.ThreadUtil.lambda$execute$0(ThreadUtil.java:66)
at java.base/java.util.concurrent.FutureTask.run(FutureTask.java:264)
at java.base/java.util.concurrent.ThreadPoolExecutor.runWorker(ThreadPoolExecutor.java:1130)
at java.base/java.util.concurrent.ThreadPoolExecutor$Worker.run(ThreadPoolExecutor.java:630)
at java.base/java.lang.Thread.run(Thread.java:832)
]]>
            </full-stacktrace>
          </exception> <!-- org.openqa.selenium.NoSuchElementException -->
          <reporter-output>
          </reporter-output>
        </test-method> <!-- basePageMethod -->
        <test-method is-config="true" signature="tearDown()[pri:0, instance:Academy.HomePage@4278284b]" started-at="2021-06-25T10:56:50 GMT+05:30" name="tearDown" finished-at="2021-06-25T10:56:53 GMT+05:30" duration-ms="3371" status="PASS">
          <reporter-output>
          </reporter-output>
        </test-method> <!-- tearDown -->
      </class> <!-- Academy.HomePage -->
    </test> <!-- User Login Validation -->
  </suite> <!-- Suite -->
</testng-results>
